python.exe : Preparing function...
位於 C:\Program Files (x86)\Google\Cloud SDK\google-clou
d-sdk\bin\gcloud.ps1:114 字元:3
+   & "$cloudsdk_python" $run_args_array
+   ~~~~~~~~~~~~~~~~~~~~~~~~~~~~~~~~~~~~
    + CategoryInfo          : NotSpecified: (Preparin 
   g function...:String) [], RemoteException
    + FullyQualifiedErrorId : NativeCommandError
 
done.
Updating function (may take a while)...
[Build]...............................................
......................................................
......................................................
......................................................
......................................................
......................................................
......................................................
......................................................
......................................................
...............failed
Failed.
ERROR: (gcloud.functions.deploy) OperationError: code=
13, message=Build failed with status: FAILURE and mess
age: An unexpected error occurred. Refer to build logs
: https://console.cloud.google.com/cloud-build/builds;
region=asia-east1/082bd7a6-acf1-4b88-8dd0-74fef3ba583f
?project=643422106244. For more details see the logs a
t https://console.cloud.google.com/cloud-build/builds;
region=asia-east1/082bd7a6-acf1-4b88-8dd0-74fef3ba583f
?project=643422106244.
